This is pdfTeX, Version 3.14159265-2.6-1.40.15 (TeX Live 2014) (preloaded format=pdflatex 2015.1.30)  17 AUG 2016 14:09
entering extended mode
 restricted \write18 enabled.
 %&-line parsing enabled.
**hhsuite-userguide.tex
(./hhsuite-userguide.tex
LaTeX2e <2014/05/01>
Babel <3.9k> and hyphenation patterns for 78 languages loaded.
(/usr/local/texlive/2014/texmf-dist/tex/latex/base/article.cls
Document Class: article 2007/10/19 v1.4h Standard LaTeX document class
(/usr/local/texlive/2014/texmf-dist/tex/latex/base/size11.clo
File: size11.clo 2007/10/19 v1.4h Standard LaTeX file (size option)
)
\c@part=\count79
\c@section=\count80
\c@subsection=\count81
\c@subsubsection=\count82
\c@paragraph=\count83
\c@subparagraph=\count84
\c@figure=\count85
\c@table=\count86
\abovecaptionskip=\skip41
\belowcaptionskip=\skip42
\bibindent=\dimen102
)
(/usr/local/texlive/2014/texmf-dist/tex/latex/url/url.sty
\Urlmuskip=\muskip10
Package: url 2013/09/16  ver 3.4  Verb mode for urls, etc.
)
(/usr/local/texlive/2014/texmf-dist/tex/latex/cite/cite.sty
LaTeX Info: Redefining \cite on input line 302.
LaTeX Info: Redefining \nocite on input line 373.
Package: cite 2010/09/10  v 5.3
)
(/usr/local/texlive/2014/texmf-dist/tex/latex/tools/longtable.sty
Package: longtable 2004/02/01 v4.11 Multi-page Table package (DPC)
\LTleft=\skip43
\LTright=\skip44
\LTpre=\skip45
\LTpost=\skip46
\LTchunksize=\count87
\LTcapwidth=\dimen103
\LT@head=\box26
\LT@firsthead=\box27
\LT@foot=\box28
\LT@lastfoot=\box29
\LT@cols=\count88
\LT@rows=\count89
\c@LT@tables=\count90
\c@LT@chunks=\count91
\LT@p@ftn=\toks14
)
(/usr/local/texlive/2014/texmf-dist/tex/latex/graphics/graphicx.sty
Package: graphicx 2014/04/25 v1.0g Enhanced LaTeX Graphics (DPC,SPQR)

(/usr/local/texlive/2014/texmf-dist/tex/latex/graphics/keyval.sty
Package: keyval 2014/05/08 v1.15 key=value parser (DPC)
\KV@toks@=\toks15
)
(/usr/local/texlive/2014/texmf-dist/tex/latex/graphics/graphics.sty
Package: graphics 2009/02/05 v1.0o Standard LaTeX Graphics (DPC,SPQR)

(/usr/local/texlive/2014/texmf-dist/tex/latex/graphics/trig.sty
Package: trig 1999/03/16 v1.09 sin cos tan (DPC)
)
(/usr/local/texlive/2014/texmf-dist/tex/latex/latexconfig/graphics.cfg
File: graphics.cfg 2010/04/23 v1.9 graphics configuration of TeX Live
)
Package graphics Info: Driver file: pdftex.def on input line 91.

(/usr/local/texlive/2014/texmf-dist/tex/latex/pdftex-def/pdftex.def
File: pdftex.def 2011/05/27 v0.06d Graphics/color for pdfTeX

(/usr/local/texlive/2014/texmf-dist/tex/generic/oberdiek/infwarerr.sty
Package: infwarerr 2010/04/08 v1.3 Providing info/warning/error messages (HO)
)
(/usr/local/texlive/2014/texmf-dist/tex/generic/oberdiek/ltxcmds.sty
Package: ltxcmds 2011/11/09 v1.22 LaTeX kernel commands for general use (HO)
)
\Gread@gobject=\count92
))
\Gin@req@height=\dimen104
\Gin@req@width=\dimen105
)
(/usr/local/texlive/2014/texmf-dist/tex/latex/amsmath/amsmath.sty
Package: amsmath 2013/01/14 v2.14 AMS math features
\@mathmargin=\skip47

For additional information on amsmath, use the `?' option.
(/usr/local/texlive/2014/texmf-dist/tex/latex/amsmath/amstext.sty
Package: amstext 2000/06/29 v2.01

(/usr/local/texlive/2014/texmf-dist/tex/latex/amsmath/amsgen.sty
File: amsgen.sty 1999/11/30 v2.0
\@emptytoks=\toks16
\ex@=\dimen106
))
(/usr/local/texlive/2014/texmf-dist/tex/latex/amsmath/amsbsy.sty
Package: amsbsy 1999/11/29 v1.2d
\pmbraise@=\dimen107
)
(/usr/local/texlive/2014/texmf-dist/tex/latex/amsmath/amsopn.sty
Package: amsopn 1999/12/14 v2.01 operator names
)
\inf@bad=\count93
LaTeX Info: Redefining \frac on input line 210.
\uproot@=\count94
\leftroot@=\count95
LaTeX Info: Redefining \overline on input line 306.
\classnum@=\count96
\DOTSCASE@=\count97
LaTeX Info: Redefining \ldots on input line 378.
LaTeX Info: Redefining \dots on input line 381.
LaTeX Info: Redefining \cdots on input line 466.
\Mathstrutbox@=\box30
\strutbox@=\box31
\big@size=\dimen108
LaTeX Font Info:    Redeclaring font encoding OML on input line 566.
LaTeX Font Info:    Redeclaring font encoding OMS on input line 567.
\macc@depth=\count98
\c@MaxMatrixCols=\count99
\dotsspace@=\muskip11
\c@parentequation=\count100
\dspbrk@lvl=\count101
\tag@help=\toks17
\row@=\count102
\column@=\count103
\maxfields@=\count104
\andhelp@=\toks18
\eqnshift@=\dimen109
\alignsep@=\dimen110
\tagshift@=\dimen111
\tagwidth@=\dimen112
\totwidth@=\dimen113
\lineht@=\dimen114
\@envbody=\toks19
\multlinegap=\skip48
\multlinetaggap=\skip49
\mathdisplay@stack=\toks20
LaTeX Info: Redefining \[ on input line 2665.
LaTeX Info: Redefining \] on input line 2666.
)
(/usr/local/texlive/2014/texmf-dist/tex/latex/fancyvrb/fancyvrb.sty
Package: fancyvrb 2008/02/07

Style option: `fancyvrb' v2.7a, with DG/SPQR fixes, and firstline=lastline fix 
<2008/02/07> (tvz)
\FV@CodeLineNo=\count105
\FV@InFile=\read1
\FV@TabBox=\box32
\c@FancyVerbLine=\count106
\FV@StepNumber=\count107
\FV@OutFile=\write3
)
(/usr/local/texlive/2014/texmf-dist/tex/latex/oberdiek/bookmark.sty
Package: bookmark 2011/12/02 v1.24 PDF bookmarks (HO)

(/usr/local/texlive/2014/texmf-dist/tex/generic/oberdiek/pdfescape.sty
Package: pdfescape 2011/11/25 v1.13 Implements pdfTeX's escape features (HO)

(/usr/local/texlive/2014/texmf-dist/tex/generic/oberdiek/pdftexcmds.sty
Package: pdftexcmds 2011/11/29 v0.20 Utility functions of pdfTeX for LuaTeX (HO
)

(/usr/local/texlive/2014/texmf-dist/tex/generic/oberdiek/ifluatex.sty
Package: ifluatex 2010/03/01 v1.3 Provides the ifluatex switch (HO)
Package ifluatex Info: LuaTeX not detected.
)
(/usr/local/texlive/2014/texmf-dist/tex/generic/oberdiek/ifpdf.sty
Package: ifpdf 2011/01/30 v2.3 Provides the ifpdf switch (HO)
Package ifpdf Info: pdfTeX in PDF mode is detected.
)
Package pdftexcmds Info: LuaTeX not detected.
Package pdftexcmds Info: \pdf@primitive is available.
Package pdftexcmds Info: \pdf@ifprimitive is available.
Package pdftexcmds Info: \pdfdraftmode found.
))
(/usr/local/texlive/2014/texmf-dist/tex/generic/ifxetex/ifxetex.sty
Package: ifxetex 2010/09/12 v0.6 Provides ifxetex conditional
)
(/usr/local/texlive/2014/texmf-dist/tex/generic/oberdiek/ifvtex.sty
Package: ifvtex 2010/03/01 v1.5 Detect VTeX and its facilities (HO)
Package ifvtex Info: VTeX not detected.
)
(/usr/local/texlive/2014/texmf-dist/tex/latex/hyperref/hyperref.sty
Package: hyperref 2012/11/06 v6.83m Hypertext links for LaTeX

(/usr/local/texlive/2014/texmf-dist/tex/generic/oberdiek/hobsub-hyperref.sty
Package: hobsub-hyperref 2012/05/28 v1.13 Bundle oberdiek, subset hyperref (HO)


(/usr/local/texlive/2014/texmf-dist/tex/generic/oberdiek/hobsub-generic.sty
Package: hobsub-generic 2012/05/28 v1.13 Bundle oberdiek, subset generic (HO)
Package: hobsub 2012/05/28 v1.13 Construct package bundles (HO)
Package hobsub Info: Skipping package `infwarerr' (already loaded).
Package hobsub Info: Skipping package `ltxcmds' (already loaded).
Package hobsub Info: Skipping package `ifluatex' (already loaded).
Package hobsub Info: Skipping package `ifvtex' (already loaded).
Package: intcalc 2007/09/27 v1.1 Expandable calculations with integers (HO)
Package hobsub Info: Skipping package `ifpdf' (already loaded).
Package: etexcmds 2011/02/16 v1.5 Avoid name clashes with e-TeX commands (HO)
Package etexcmds Info: Could not find \expanded.
(etexcmds)             That can mean that you are not using pdfTeX 1.50 or
(etexcmds)             that some package has redefined \expanded.
(etexcmds)             In the latter case, load this package earlier.
Package: kvsetkeys 2012/04/25 v1.16 Key value parser (HO)
Package: kvdefinekeys 2011/04/07 v1.3 Define keys (HO)
Package hobsub Info: Skipping package `pdftexcmds' (already loaded).
Package hobsub Info: Skipping package `pdfescape' (already loaded).
Package: bigintcalc 2012/04/08 v1.3 Expandable calculations on big integers (HO
)
Package: bitset 2011/01/30 v1.1 Handle bit-vector datatype (HO)
Package: uniquecounter 2011/01/30 v1.2 Provide unlimited unique counter (HO)
)
Package hobsub Info: Skipping package `hobsub' (already loaded).
Package: letltxmacro 2010/09/02 v1.4 Let assignment for LaTeX macros (HO)
Package: hopatch 2012/05/28 v1.2 Wrapper for package hooks (HO)
Package: xcolor-patch 2011/01/30 xcolor patch
Package: atveryend 2011/06/30 v1.8 Hooks at the very end of document (HO)
Package atveryend Info: \enddocument detected (standard20110627).
Package: atbegshi 2011/10/05 v1.16 At begin shipout hook (HO)
Package: refcount 2011/10/16 v3.4 Data extraction from label references (HO)
Package: hycolor 2011/01/30 v1.7 Color options for hyperref/bookmark (HO)
)
(/usr/local/texlive/2014/texmf-dist/tex/latex/oberdiek/auxhook.sty
Package: auxhook 2011/03/04 v1.3 Hooks for auxiliary files (HO)
)
(/usr/local/texlive/2014/texmf-dist/tex/latex/oberdiek/kvoptions.sty
Package: kvoptions 2011/06/30 v3.11 Key value format for package options (HO)
)
\@linkdim=\dimen115
\Hy@linkcounter=\count108
\Hy@pagecounter=\count109

(/usr/local/texlive/2014/texmf-dist/tex/latex/hyperref/pd1enc.def
File: pd1enc.def 2012/11/06 v6.83m Hyperref: PDFDocEncoding definition (HO)
)
\Hy@SavedSpaceFactor=\count110

(/usr/local/texlive/2014/texmf-dist/tex/latex/latexconfig/hyperref.cfg
File: hyperref.cfg 2002/06/06 v1.2 hyperref configuration of TeXLive
)
Package hyperref Info: Hyper figures OFF on input line 4443.
Package hyperref Info: Link nesting OFF on input line 4448.
Package hyperref Info: Hyper index ON on input line 4451.
Package hyperref Info: Plain pages OFF on input line 4458.
Package hyperref Info: Backreferencing OFF on input line 4463.
Package hyperref Info: Implicit mode ON; LaTeX internals redefined.
Package hyperref Info: Bookmarks ON on input line 4688.
\c@Hy@tempcnt=\count111
LaTeX Info: Redefining \url on input line 5041.
\XeTeXLinkMargin=\dimen116
\Fld@menulength=\count112
\Field@Width=\dimen117
\Fld@charsize=\dimen118
Package hyperref Info: Hyper figures OFF on input line 6295.
Package hyperref Info: Link nesting OFF on input line 6300.
Package hyperref Info: Hyper index ON on input line 6303.
Package hyperref Info: backreferencing OFF on input line 6310.
Package hyperref Info: Link coloring OFF on input line 6315.
Package hyperref Info: Link coloring with OCG OFF on input line 6320.
Package hyperref Info: PDF/A mode OFF on input line 6325.
LaTeX Info: Redefining \ref on input line 6365.
LaTeX Info: Redefining \pageref on input line 6369.
\Hy@abspage=\count113
\c@Item=\count114
\c@Hfootnote=\count115
)

Package hyperref Message: Driver (autodetected): hpdftex.

(/usr/local/texlive/2014/texmf-dist/tex/latex/hyperref/hpdftex.def
File: hpdftex.def 2012/11/06 v6.83m Hyperref driver for pdfTeX
\Fld@listcount=\count116
\c@bookmark@seq@number=\count117

(/usr/local/texlive/2014/texmf-dist/tex/latex/oberdiek/rerunfilecheck.sty
Package: rerunfilecheck 2011/04/15 v1.7 Rerun checks for auxiliary files (HO)
Package uniquecounter Info: New unique counter `rerunfilecheck' on input line 2
82.
)
\Hy@SectionHShift=\skip50
)
(/usr/local/texlive/2014/texmf-dist/tex/latex/oberdiek/bkm-pdftex.def
File: bkm-pdftex.def 2011/12/02 v1.24 bookmark driver for pdfTeX (HO)
\BKM@id=\count118
))
Package hyperref Info: Option `unicode' set `true' on input line 42.

(/usr/local/texlive/2014/texmf-dist/tex/latex/hyperref/puenc.def
File: puenc.def 2012/11/06 v6.83m Hyperref: PDF Unicode definition (HO)
)
Package hyperref Info: Option `pdftoolbar' set `true' on input line 42.
Package hyperref Info: Option `pdfmenubar' set `true' on input line 42.
Package hyperref Info: Option `pdffitwindow' set `false' on input line 42.
Package hyperref Info: Option `pdfnewwindow' set `true' on input line 42.
Package hyperref Info: Option `colorlinks' set `true' on input line 42.

(./hhsuite-userguide.aux)
\openout1 = `hhsuite-userguide.aux'.

LaTeX Font Info:    Checking defaults for OML/cmm/m/it on input line 49.
LaTeX Font Info:    ... okay on input line 49.
LaTeX Font Info:    Checking defaults for T1/cmr/m/n on input line 49.
LaTeX Font Info:    ... okay on input line 49.
LaTeX Font Info:    Checking defaults for OT1/cmr/m/n on input line 49.
LaTeX Font Info:    ... okay on input line 49.
LaTeX Font Info:    Checking defaults for OMS/cmsy/m/n on input line 49.
LaTeX Font Info:    ... okay on input line 49.
LaTeX Font Info:    Checking defaults for OMX/cmex/m/n on input line 49.
LaTeX Font Info:    ... okay on input line 49.
LaTeX Font Info:    Checking defaults for U/cmr/m/n on input line 49.
LaTeX Font Info:    ... okay on input line 49.
LaTeX Font Info:    Checking defaults for PD1/pdf/m/n on input line 49.
LaTeX Font Info:    ... okay on input line 49.
LaTeX Font Info:    Checking defaults for PU/pdf/m/n on input line 49.
LaTeX Font Info:    ... okay on input line 49.

(/usr/local/texlive/2014/texmf-dist/tex/context/base/supp-pdf.mkii
[Loading MPS to PDF converter (version 2006.09.02).]
\scratchcounter=\count119
\scratchdimen=\dimen119
\scratchbox=\box33
\nofMPsegments=\count120
\nofMParguments=\count121
\everyMPshowfont=\toks21
\MPscratchCnt=\count122
\MPscratchDim=\dimen120
\MPnumerator=\count123
\makeMPintoPDFobject=\count124
\everyMPtoPDFconversion=\toks22
) (/usr/local/texlive/2014/texmf-dist/tex/latex/oberdiek/epstopdf-base.sty
Package: epstopdf-base 2010/02/09 v2.5 Base part for package epstopdf

(/usr/local/texlive/2014/texmf-dist/tex/latex/oberdiek/grfext.sty
Package: grfext 2010/08/19 v1.1 Manage graphics extensions (HO)
)
Package grfext Info: Graphics extension search list:
(grfext)             [.png,.pdf,.jpg,.mps,.jpeg,.jbig2,.jb2,.PNG,.PDF,.JPG,.JPE
G,.JBIG2,.JB2,.eps]
(grfext)             \AppendGraphicsExtensions on input line 452.

(/usr/local/texlive/2014/texmf-dist/tex/latex/latexconfig/epstopdf-sys.cfg
File: epstopdf-sys.cfg 2010/07/13 v1.3 Configuration of (r)epstopdf for TeX Liv
e
))
\AtBeginShipoutBox=\box34

(/usr/local/texlive/2014/texmf-dist/tex/latex/graphics/color.sty
Package: color 2014/04/23 v1.1a Standard LaTeX Color (DPC)

(/usr/local/texlive/2014/texmf-dist/tex/latex/latexconfig/color.cfg
File: color.cfg 2007/01/18 v1.5 color configuration of teTeX/TeXLive
)
Package color Info: Driver file: pdftex.def on input line 137.
)
Package hyperref Info: Link coloring ON on input line 49.

(/usr/local/texlive/2014/texmf-dist/tex/latex/hyperref/nameref.sty
Package: nameref 2012/10/27 v2.43 Cross-referencing by name of section

(/usr/local/texlive/2014/texmf-dist/tex/generic/oberdiek/gettitlestring.sty
Package: gettitlestring 2010/12/03 v1.4 Cleanup title references (HO)
)
\c@section@level=\count125
)
LaTeX Info: Redefining \ref on input line 49.
LaTeX Info: Redefining \pageref on input line 49.
LaTeX Info: Redefining \nameref on input line 49.
LaTeX Font Info:    Try loading font information for OMS+cmr on input line 62.

(/usr/local/texlive/2014/texmf-dist/tex/latex/base/omscmr.fd
File: omscmr.fd 1999/05/25 v2.5h Standard LaTeX font definitions
)
LaTeX Font Info:    Font shape `OMS/cmr/m/n' in size <10.95> not available
(Font)              Font shape `OMS/cmsy/m/n' tried instead on input line 62.

Underfull \hbox (badness 10000) in paragraph at lines 69--71

 []

[1

{/usr/local/texlive/2014/texmf-var/fonts/map/pdftex/updmap/pdftex.map}]
(./hhsuite-userguide.toc [2])
\tf@toc=\write4
\openout4 = `hhsuite-userguide.toc'.

 [3]

LaTeX Warning: Citation `Durbin:2008' on page 4 undefined on input line 98.


LaTeX Warning: Citation `Krogh:1994' on page 4 undefined on input line 98.


LaTeX Warning: Citation `Altschul:1997' on page 4 undefined on input line 100.


LaTeX Warning: Citation `uniprot:2010' on page 4 undefined on input line 100.


LaTeX Warning: Citation `Farrar:2007' on page 4 undefined on input line 100.


LaTeX Warning: Citation `Jones:1999' on page 4 undefined on input line 102.


LaTeX Warning: Citation `Marks:2011' on page 4 undefined on input line 102.


LaTeX Warning: Citation `Jones:1999' on page 4 undefined on input line 102.


LaTeX Warning: Citation `Remmert:2011' on page 4 undefined on input line 102.


LaTeX Warning: Citation `PDB:2004' on page 4 undefined on input line 104.


LaTeX Warning: Citation `SCOP:2000' on page 4 undefined on input line 104.


LaTeX Warning: Citation `Finn:2010' on page 4 undefined on input line 104.


LaTeX Warning: Citation `Soding:2005b' on page 4 undefined on input line 106.


LaTeX Warning: Citation `Hildebrand:2009' on page 4 undefined on input line 106
.


LaTeX Warning: Citation `Sali:1993' on page 4 undefined on input line 106.

[4]

LaTeX Warning: Citation `Mariani:2011' on page 5 undefined on input line 108.


LaTeX Warning: Citation `Altschul:1997' on page 5 undefined on input line 110.

[5]
Overfull \hbox (13.45457pt too wide) in paragraph at lines 148--150
[]\OT1/cmr/m/n/10.95 However, you may limit the used in-struc-tion set to SSSE3
 with the cmake com-pile flag []\OT1/cmtt/m/n/10.95 -DHAVE_SSSE3=1
 []

\c@mycounter=\count126

Overfull \hbox (53.66013pt too wide) in paragraph at lines 166--166
[]\OT1/cmtt/m/n/10.95 $ wget https://github.com/soedinglab/hh-suite/releases/..
./hhsuite-3.0-beta.1-Source.tar.gz[] 
 []


Overfull \hbox (15.30725pt too wide) in paragraph at lines 200--202
[]\OT1/cmr/m/n/10.95 Set HH-LIB and paths: In your shell, set the en-vi-ron-men
t vari-able HH-LIB to []\OT1/cmtt/m/n/10.95 ${INSTALL_BASE_DIR}\OT1/cmr/m/n/10.
95 ,
 []


Overfull \hbox (2.56387pt too wide) in paragraph at lines 205--209
\OT1/cmr/m/n/10.95 col-umn state li-brary file []\OT1/cmtt/m/n/10.95 cs219.lib 
\OT1/cmr/m/n/10.95 and the con-text li-brary file []\OT1/cmtt/m/n/10.95 context
_data.crf \OT1/cmr/m/n/10.95 in []\OT1/cmtt/m/n/10.95 $HHLIB/data/\OT1/cmr/m/n/
10.95 .
 []

[6]
Underfull \hbox (badness 10000) in paragraph at lines 235--236

 []


Overfull \hbox (30.66537pt too wide) in paragraph at lines 240--240
[]\OT1/cmtt/m/n/10.95 $ wget https://github.com/soedinglab/hh-suite/releases/..
./hhsuite-3.0-beta.1-Linux.rpm[] 
 []


Underfull \hbox (badness 10000) in paragraph at lines 243--245

 []

[7]
Overfull \hbox (82.40356pt too wide) in paragraph at lines 307--307
[]\OT1/cmtt/m/n/10.95 $ wget http://wwwuser.gwdg.de/~compbiol/data/hhsuite/data
bases/hhsuite_dbs/uniprot20_2015_06.tgz[] 
 []


LaTeX Warning: Citation `uniprot:2010' on page 8 undefined on input line 312.


LaTeX Warning: Citation `Higgins:2011' on page 8 undefined on input line 312.

[8] [9] [10] <hhblits-hhsearch.png, id=197, 578.52135pt x 433.98135pt>
File: hhblits-hhsearch.png Graphic file (type png)

<use hhblits-hhsearch.png>
Package pdftex.def Info: hhblits-hhsearch.png used on input line 442.
(pdftex.def)             Requested size: 234.73523pt x 176.08595pt.
 [11 <./hhblits-hhsearch.png>] [12] [13] [14]

LaTeX Warning: Citation `Gonzalez:2010' on page 15 undefined on input line 612.


[15]
Underfull \hbox (badness 10000) in paragraph at lines 648--649

 []

[16]
Overfull \hbox (7.67062pt too wide) in paragraph at lines 697--697
[]\OT1/cmtt/m/n/10.95 $ ffindex_order sorting.dat <db>_hhm.ff{data,index} <db>_
hhm_ordered.ff{data,index}[] 
 []


Overfull \hbox (7.67062pt too wide) in paragraph at lines 697--697
[]\OT1/cmtt/m/n/10.95 $ ffindex_order sorting.dat <db>_a3m.ff{data,index} <db>_
a3m_ordered.ff{data,index}[] 
 []


Overfull \hbox (7.67062pt too wide) in paragraph at lines 717--717
[]\OT1/cmtt/m/n/10.95 $ python3 cif2fasta.py -i <all_cifs> -o pdb100.fas -c <nu
m_cores> -p pdb_filter.dat[] 
 []

[17]
Overfull \hbox (18.0163pt too wide) in paragraph at lines 738--739
\OT1/cmr/m/n/10.95 which both were cre-ated by []\OT1/cmtt/m/n/10.95 cif2fasta.
py\OT1/cmr/m/n/10.95 , and the clus-ter as-sign-ments from MM-Seqs ([]\OT1/cmtt
/m/n/10.95 pdb70_clu.tsv\OT1/cmr/m/n/10.95 )
 []


Overfull \hbox (7.67062pt too wide) in paragraph at lines 769--769
[]\OT1/cmtt/m/n/10.95 $ ffindex_order sorting.dat <db>_hhm.ff{data,index} <db>_
hhm_ordered.ff{data,index}[] 
 []


Overfull \hbox (7.67062pt too wide) in paragraph at lines 769--769
[]\OT1/cmtt/m/n/10.95 $ ffindex_order sorting.dat <db>_a3m.ff{data,index} <db>_
a3m_ordered.ff{data,index}[] 
 []

[18]
Overfull \hbox (36.41406pt too wide) in paragraph at lines 784--784
[]\OT1/cmtt/m/n/10.95 $ hhsuitedb.py -o <db> --cpu 1 --ia3m=<a3m_glob> --ics219
=<cs219_glob> --ihhm=<hhm_glob>[] 
 []


LaTeX Warning: Citation `Todd:2001' on page 19 undefined on input line 801.


LaTeX Warning: Citation `Pawlowski:2000' on page 19 undefined on input line 801
.


LaTeX Warning: Citation `Rychlewski:1998' on page 19 undefined on input line 80
1.


LaTeX Warning: Citation `Kinch:2002' on page 19 undefined on input line 801.


LaTeX Warning: Citation `Soding:2006a' on page 19 undefined on input line 801.


LaTeX Warning: Citation `Alva:2010' on page 19 undefined on input line 801.

[19]

LaTeX Warning: Citation `Chothia:1986' on page 20 undefined on input line 804.


LaTeX Warning: Citation `Todd:2001' on page 20 undefined on input line 804.


LaTeX Warning: Citation `Alva:2010' on page 20 undefined on input line 804.


LaTeX Warning: Citation `Remmert:2010' on page 20 undefined on input line 804.

[20]

LaTeX Warning: Citation `Soding:2006b' on page 21 undefined on input line 835.


LaTeX Warning: Citation `Mariani:2011' on page 21 undefined on input line 839.


LaTeX Warning: Citation `Battey:2007' on page 21 undefined on input line 839.


LaTeX Warning: Citation `Durbin:2008' on page 21 undefined on input line 849.


LaTeX Warning: Citation `Biegert:2008' on page 21 undefined on input line 849.


LaTeX Warning: Citation `Soding:2005b' on page 21 undefined on input line 861.


LaTeX Warning: Citation `Hildebrand:2009' on page 21 undefined on input line 86
1.

[21] [22] [23]

LaTeX Warning: Citation `Sadreyev:2008' on page 24 undefined on input line 913.


[24]

LaTeX Warning: Citation `Remmert:2011' on page 25 undefined on input line 952.

[25] [26] [27] [28] [29] [30] [31]
Overfull \hbox (3.64589pt too wide) in paragraph at lines 1348--1348
[][]\OT1/cmr/bx/n/10.95 Secondary struc-ture in-for-ma-tion in A3M/A2M or FASTA
 MSAs for HH-search/HHblits 
 []

[32]
Overfull \hbox (16.43517pt too wide) in paragraph at lines 1416--1421
\OT1/cmr/m/n/10.95 duced when us-ing HMMER-format, be-cause HM-MER adds more ps
eu-do-counts than HH-search/HHblits
 []

[33] [34]
Overfull \hbox (8.27538pt too wide) in paragraph at lines 1698--1698
[] \OT1/cmtt/m/n/10 -add_cons      generate consensus sequence as master sequen
ce of query MSA (default=don't)[] 
 []

[35]
Overfull \hbox (8.27538pt too wide) in paragraph at lines 1698--1698
[] \OT1/cmtt/m/n/10 -maxfilt                  max number of hits allowed to pas
s 2nd prefilter (default=20000)[] 
 []


Overfull \hbox (24.02524pt too wide) in paragraph at lines 1698--1698
[] \OT1/cmtt/m/n/10 -pre_evalue_thresh        max E-value threshold of Smith-Wa
terman prefilter score (default=0)[] 
 []


Overfull \hbox (18.77528pt too wide) in paragraph at lines 1698--1698
[] \OT1/cmtt/m/n/10 -pre_bitfactor            prefilter scores are in units of 
1 bit / pre_bitfactor (default=4)[] 
 []


Overfull \hbox (24.02524pt too wide) in paragraph at lines 1698--1698
[] \OT1/cmtt/m/n/10 -pre_gap_open             gap open penalty in prefilter Smi
th-Waterman alignment (default=20)[] 
 []


Overfull \hbox (29.27519pt too wide) in paragraph at lines 1698--1698
[] \OT1/cmtt/m/n/10 -pre_gap_extend           gap extend penalty in prefilter S
mith-Waterman alignment (default=4)[] 
 []


Overfull \hbox (55.52496pt too wide) in paragraph at lines 1698--1698
[] \OT1/cmtt/m/n/10 -pre_score_offset         offset on sequence profile scores
 in prefilter S-W alignment (default=50)[] 
 []


Overfull \hbox (45.02505pt too wide) in paragraph at lines 1698--1698
[] \OT1/cmtt/m/n/10 -ovlp <int>          banded alignment: forbid <ovlp> larges
t diagonals |i-j| of DP matrix (def=0)[] 
 []


Overfull \hbox (24.02524pt too wide) in paragraph at lines 1698--1698
[] \OT1/cmtt/m/n/10 -alt <int>           show up to this many alternative align
ments with raw score > smin(def=4)[] 
 []


Overfull \hbox (29.27519pt too wide) in paragraph at lines 1698--1698
[] \OT1/cmtt/m/n/10 -ssa [0,1]           ss confusion matrix = (1-ssa)*I + ssa*
psipred-confusion-matrix [def=1.00)[] 
 []

[36]
Overfull \hbox (29.27519pt too wide) in paragraph at lines 1698--1698
[]  \OT1/cmtt/m/n/10 -pc_hhm_contxt_mode {0,..,3}   position dependence of pc a
dmixture 'tau' (pc mode, default=2)[] 
 []


Overfull \hbox (92.27464pt too wide) in paragraph at lines 1698--1698
[] \OT1/cmtt/m/n/10 Context independent hhm pseudocounts (used for templates; u
sed for query if contxt file is not available):[] 
 []


Overfull \hbox (39.7751pt too wide) in paragraph at lines 1698--1698
[]  \OT1/cmtt/m/n/10 -pc_hhm_nocontxt_mode {0,..,3}   position dependence of pc
 admixture 'tau' (pc mode, default=2)[] 
 []


Overfull \hbox (60.77492pt too wide) in paragraph at lines 1698--1698
[]  \OT1/cmtt/m/n/10 -pc_prefilter_contxt_mode {0,..,3}   position dependence o
f pc admixture 'tau' (pc mode, default=3)[] 
 []


Overfull \hbox (71.27483pt too wide) in paragraph at lines 1698--1698
[]  \OT1/cmtt/m/n/10 -pc_prefilter_nocontxt_mode {0,..,3}   position dependence
 of pc admixture 'tau' (pc mode, default=2)[] 
 []

[37]
Overfull \hbox (129.02432pt too wide) in paragraph at lines 1698--1698
[]  \OT1/cmtt/m/n/10 -contxt <file> context file for computing context-specific
 pseudocounts (default=${HHLIB}/data/context_data.crf)[] 
 []


Overfull \hbox (8.27538pt too wide) in paragraph at lines 1829--1829
[] \OT1/cmtt/m/n/10 -add_cons      generate consensus sequence as master sequen
ce of query MSA (default=don't)[] 
 []

[38]
Overfull \hbox (39.7751pt too wide) in paragraph at lines 1829--1829
[] \OT1/cmtt/m/n/10 -ovlp <int>         banded alignment: forbid <ovlp> largest
 diagonals |i-j| of DP matrix (def=0)[] 
 []


Overfull \hbox (18.77528pt too wide) in paragraph at lines 1829--1829
[] \OT1/cmtt/m/n/10 -alt <int>          show up to this many alternative alignm
ents with raw score > smin(def=4)[] 
 []


Overfull \hbox (45.02505pt too wide) in paragraph at lines 1829--1829
[] \OT1/cmtt/m/n/10 -ssa [0,1]          SS substitution matrix = (1-ssa)*I + ss
a*full-SS-substition-matrix [def=1.00)[] 
 []


Overfull \hbox (29.27519pt too wide) in paragraph at lines 1829--1829
[]  \OT1/cmtt/m/n/10 -pc_hhm_contxt_mode {0,..,3}   position dependence of pc a
dmixture 'tau' (pc mode, default=2)[] 
 []

[39]
Overfull \hbox (92.27464pt too wide) in paragraph at lines 1829--1829
[] \OT1/cmtt/m/n/10 Context independent hhm pseudocounts (used for templates; u
sed for query if contxt file is not available):[] 
 []


Overfull \hbox (39.7751pt too wide) in paragraph at lines 1829--1829
[]  \OT1/cmtt/m/n/10 -pc_hhm_nocontxt_mode {0,..,3}   position dependence of pc
 admixture 'tau' (pc mode, default=2)[] 
 []


Overfull \hbox (129.02432pt too wide) in paragraph at lines 1829--1829
[]  \OT1/cmtt/m/n/10 -contxt <file> context file for computing context-specific
 pseudocounts (default=${HHLIB}/data/context_data.crf)[] 
 []

[40]
Overfull \hbox (29.27519pt too wide) in paragraph at lines 1928--1928
[]  \OT1/cmtt/m/n/10 -pc_hhm_contxt_mode {0,..,3}   position dependence of pc a
dmixture 'tau' (pc mode, default=0)[] 
 []


Overfull \hbox (92.27464pt too wide) in paragraph at lines 1928--1928
[] \OT1/cmtt/m/n/10 Context independent hhm pseudocounts (used for templates; u
sed for query if contxt file is not available):[] 
 []


Overfull \hbox (39.7751pt too wide) in paragraph at lines 1928--1928
[]  \OT1/cmtt/m/n/10 -pc_hhm_nocontxt_mode {0,..,3}   position dependence of pc
 admixture 'tau' (pc mode, default=2)[] 
 []


Overfull \hbox (129.02432pt too wide) in paragraph at lines 1928--1928
[]  \OT1/cmtt/m/n/10 -contxt <file> context file for computing context-specific
 pseudocounts (default=${HHLIB}/data/context_data.crf)[] 
 []

[41]
Overfull \hbox (29.27519pt too wide) in paragraph at lines 1989--1989
[] \OT1/cmtt/m/n/10 -oa3m <file>   write query alignment in a3m or PSI-BLAST fo
rmat (-opsi) to file (default=none)[] 
 []


Overfull \hbox (76.52478pt too wide) in paragraph at lines 1989--1989
[] \OT1/cmtt/m/n/10 -aa3m <file>   append query alignment in a3m (-aa3m) or PSI
-BLAST format (-apsi )to file (default=none)[] 
 []


Overfull \hbox (8.27538pt too wide) in paragraph at lines 1989--1989
[] \OT1/cmtt/m/n/10 -add_cons      generate consensus sequence as master sequen
ce of query MSA (default=don't)[] 
 []

[42] [43]

LaTeX Warning: Citation `Sali:1993' on page 44 undefined on input line 2087.

[44]

LaTeX Warning: Citation `Sali:1993' on page 45 undefined on input line 2124.

[45]
Overfull \hbox (50.27501pt too wide) in paragraph at lines 2201--2201
[]\OT1/cmtt/m/n/10 Write files into current directory and name each file by the
 first word after ">" in the name line.[] 
 []


Overfull \hbox (50.27501pt too wide) in paragraph at lines 2223--2223
[] \OT1/cmtt/m/n/10 The program reads an input sequence in FASTA/A3M which must
 have a SCOP domain, PDB chain, or DALI[] 
 []


Overfull \hbox (50.27501pt too wide) in paragraph at lines 2223--2223
[] \OT1/cmtt/m/n/10 domain identifier (e.g. d1hz4a_, 1hz4_A, or 1hz4A_1). It re
ads the corresponding PDB file from the[] 
 []


Overfull \hbox (39.7751pt too wide) in paragraph at lines 2223--2223
[] \OT1/cmtt/m/n/10 given pdb directory and  generates a new PDB file by aligni
ng the input sequence to the sequence[] 
 []


Overfull \hbox (29.27519pt too wide) in paragraph at lines 2223--2223
[] \OT1/cmtt/m/n/10 extracted from the ATOM records of the corresponding pdb ch
ain and renumbering the residues in[] 
 []


Overfull \hbox (24.02524pt too wide) in paragraph at lines 2223--2223
[] \OT1/cmtt/m/n/10 (HETATM records for MSE (selenomethionine) will be interpre
ted as ATOM records for MET in the[] 
 []

[46] [47]
Overfull \hbox (170.34192pt too wide) in paragraph at lines 2343--2345
[]\OT1/cmr/m/n/10.95 All er-ror mes-sages are now writ-ten to stderr (not std-o
ut) and are of the form []\OT1/cmtt/m/n/10.95 Error in <program_name>: <error d
escription>\OT1/cmr/m/n/10.95 . 
 []

[48]

LaTeX Warning: Citation `Remmert:2011' on page 49 undefined on input line 2372.


[49] [50]

LaTeX Warning: Citation `Farrar:2007' on page 51 undefined on input line 2534.

[51]
Underfull \hbox (badness 10000) in paragraph at lines 2559--2567

 []

Missing character: There is no Ã in font cmr10!
Missing character: There is no ¼ in font cmr10!
No file hhsuite-userguide.bbl.
[52]
Package atveryend Info: Empty hook `BeforeClearDocument' on input line 2595.
 [53]
Package atveryend Info: Empty hook `AfterLastShipout' on input line 2595.
 (./hhsuite-userguide.aux)
Package atveryend Info: Executing hook `AtVeryEndDocument' on input line 2595.
Package atveryend Info: Empty hook `AtEndAfterFileList' on input line 2595.


LaTeX Warning: There were undefined references.

Package atveryend Info: Empty hook `AtVeryVeryEnd' on input line 2595.
 ) 
Here is how much of TeX's memory you used:
 10105 strings out of 493117
 140563 string characters out of 6135433
 219964 words of memory out of 5000000
 13341 multiletter control sequences out of 15000+600000
 11727 words of font info for 44 fonts, out of 8000000 for 9000
 1141 hyphenation exceptions out of 8191
 35i,18n,30p,1811b,535s stack positions out of 5000i,500n,10000p,200000b,80000s
</usr/local/texlive/2014/texmf-dist/fonts/type1/public/amsfonts/cm/cmbx10.pfb
></usr/local/texlive/2014/texmf-dist/fonts/type1/public/amsfonts/cm/cmbx12.pfb>
</usr/local/texlive/2014/texmf-dist/fonts/type1/public/amsfonts/cm/cmex10.pfb><
/usr/local/texlive/2014/texmf-dist/fonts/type1/public/amsfonts/cm/cmmi10.pfb></
usr/local/texlive/2014/texmf-dist/fonts/type1/public/amsfonts/cm/cmmi8.pfb></us
r/local/texlive/2014/texmf-dist/fonts/type1/public/amsfonts/cm/cmr10.pfb></usr/
local/texlive/2014/texmf-dist/fonts/type1/public/amsfonts/cm/cmr6.pfb></usr/loc
al/texlive/2014/texmf-dist/fonts/type1/public/amsfonts/cm/cmr8.pfb></usr/local/
texlive/2014/texmf-dist/fonts/type1/public/amsfonts/cm/cmr9.pfb></usr/local/tex
live/2014/texmf-dist/fonts/type1/public/amsfonts/cm/cmsy10.pfb></usr/local/texl
ive/2014/texmf-dist/fonts/type1/public/amsfonts/cm/cmti10.pfb></usr/local/texli
ve/2014/texmf-dist/fonts/type1/public/amsfonts/cm/cmtt10.pfb></usr/local/texliv
e/2014/texmf-dist/fonts/type1/public/amsfonts/cm/cmtt12.pfb></usr/local/texlive
/2014/texmf-dist/fonts/type1/public/amsfonts/cm/cmtt8.pfb></usr/local/texlive/2
014/texmf-dist/fonts/type1/public/amsfonts/cm/cmtt9.pfb>
Output written on hhsuite-userguide.pdf (53 pages, 386227 bytes).
PDF statistics:
 698 PDF objects out of 1000 (max. 8388607)
 620 compressed objects within 7 object streams
 145 named destinations out of 1000 (max. 500000)
 462 words of extra memory for PDF output out of 10000 (max. 10000000)

