This is pdfeTeX, Version 3.141592-1.21a-2.2 (Web2C 7.5.4) (format=pdflatex 2007.12.18)  3 JUN 2008 15:48
entering extended mode
**HHsearch-guide.tex
(./HHsearch-guide.tex
LaTeX2e <2003/12/01>
Babel <v3.8d> and hyphenation patterns for american, french, german, ngerman, b
ahasa, basque, bulgarian, catalan, croatian, czech, danish, dutch, esperanto, e
stonian, finnish, greek, icelandic, irish, italian, latin, magyar, norsk, polis
h, portuges, romanian, russian, serbian, slovak, slovene, spanish, swedish, tur
kish, ukrainian, nohyphenation, loaded.
(/usr/share/texmf-tetex/tex/latex/base/article.cls
Document Class: article 2004/02/16 v1.4f Standard LaTeX document class
(/usr/share/texmf-tetex/tex/latex/base/size11.clo
File: size11.clo 2004/02/16 v1.4f Standard LaTeX file (size option)
)
\c@part=\count79
\c@section=\count80
\c@subsection=\count81
\c@subsubsection=\count82
\c@paragraph=\count83
\c@subparagraph=\count84
\c@figure=\count85
\c@table=\count86
\abovecaptionskip=\skip41
\belowcaptionskip=\skip42
\bibindent=\dimen102
)
(/usr/share/texmf-tetex/tex/latex/url/url.sty
\Urlmuskip=\muskip10
Package: url 2004/03/15  ver 3.1  Verb mode for urls, etc.
)
(/usr/share/texmf-tetex/tex/latex/cite/cite.sty
LaTeX Info: Redefining \cite on input line 149.
LaTeX Info: Redefining \nocite on input line 214.
Package: cite 2003/11/04  v 4.01
)
(/usr/share/texmf-tetex/tex/latex/tools/longtable.sty
Package: longtable 2004/02/01 v4.11 Multi-page Table package (DPC)
\LTleft=\skip43
\LTright=\skip44
\LTpre=\skip45
\LTpost=\skip46
\LTchunksize=\count87
\LTcapwidth=\dimen103
\LT@head=\box26
\LT@firsthead=\box27
\LT@foot=\box28
\LT@lastfoot=\box29
\LT@cols=\count88
\LT@rows=\count89
\c@LT@tables=\count90
\c@LT@chunks=\count91
\LT@p@ftn=\toks14
)
(/usr/share/texmf-tetex/tex/latex/graphics/graphicx.sty
Package: graphicx 1999/02/16 v1.0f Enhanced LaTeX Graphics (DPC,SPQR)

(/usr/share/texmf-tetex/tex/latex/graphics/keyval.sty
Package: keyval 1999/03/16 v1.13 key=value parser (DPC)
\KV@toks@=\toks15
)
(/usr/share/texmf-tetex/tex/latex/graphics/graphics.sty
Package: graphics 2001/07/07 v1.0n Standard LaTeX Graphics (DPC,SPQR)

(/usr/share/texmf-tetex/tex/latex/graphics/trig.sty
Package: trig 1999/03/16 v1.09 sin cos tan (DPC)
)
(/usr/share/texmf-tetex/tex/latex/graphics/graphics.cfg
File: graphics.cfg 2005/02/03 v1.3 graphics configuration of teTeX/TeXLive
)
Package graphics Info: Driver file: pdftex.def on input line 80.

(/usr/share/texmf-tetex/tex/latex/graphics/pdftex.def
File: pdftex.def 2002/06/19 v0.03k graphics/color for pdftex
\Gread@gobject=\count92
))
\Gin@req@height=\dimen104
\Gin@req@width=\dimen105
) (./HHsearch-guide.aux)
\openout1 = `HHsearch-guide.aux'.

LaTeX Font Info:    Checking defaults for OML/cmm/m/it on input line 19.
LaTeX Font Info:    ... okay on input line 19.
LaTeX Font Info:    Checking defaults for T1/cmr/m/n on input line 19.
LaTeX Font Info:    ... okay on input line 19.
LaTeX Font Info:    Checking defaults for OT1/cmr/m/n on input line 19.
LaTeX Font Info:    ... okay on input line 19.
LaTeX Font Info:    Checking defaults for OMS/cmsy/m/n on input line 19.
LaTeX Font Info:    ... okay on input line 19.
LaTeX Font Info:    Checking defaults for OMX/cmex/m/n on input line 19.
LaTeX Font Info:    ... okay on input line 19.
LaTeX Font Info:    Checking defaults for U/cmr/m/n on input line 19.
LaTeX Font Info:    ... okay on input line 19.
(/usr/share/texmf-tetex/tex/context/base/supp-pdf.tex
(/usr/share/texmf-tetex/tex/context/base/supp-mis.tex
loading : Context Support Macros / Miscellaneous (2004.10.26)
\protectiondepth=\count93
\scratchcounter=\count94
\scratchtoks=\toks16
\scratchdimen=\dimen106
\scratchskip=\skip47
\scratchmuskip=\muskip11
\scratchbox=\box30
\scratchread=\read1
\scratchwrite=\write3
\zeropoint=\dimen107
\onepoint=\dimen108
\onebasepoint=\dimen109
\minusone=\count95
\thousandpoint=\dimen110
\onerealpoint=\dimen111
\emptytoks=\toks17
\nextbox=\box31
\nextdepth=\dimen112
\everyline=\toks18
\!!counta=\count96
\!!countb=\count97
\recursecounter=\count98
)
loading : Context Support Macros / PDF (2004.03.26)
\nofMPsegments=\count99
\nofMParguments=\count100
\MPscratchCnt=\count101
\MPscratchDim=\dimen113
\MPnumerator=\count102
\everyMPtoPDFconversion=\toks19
)
LaTeX Font Info:    Try loading font information for OMS+cmr on input line 28.
 (/usr/share/texmf-tetex/tex/latex/base/omscmr.fd
File: omscmr.fd 1999/05/25 v2.5h Standard LaTeX font definitions
)
LaTeX Font Info:    Font shape `OMS/cmr/m/n' in size <10.95> not available
(Font)              Font shape `OMS/cmsy/m/n' tried instead on input line 28.
LaTeX Font Info:    External font `cmex10' loaded for size
(Font)              <10.95> on input line 32.
LaTeX Font Info:    External font `cmex10' loaded for size
(Font)              <8> on input line 32.
LaTeX Font Info:    External font `cmex10' loaded for size
(Font)              <6> on input line 32.
 [1

{/var/lib/texmf/fonts/map/pdftex/updmap/pdftex.map}] (./HHsearch-guide.toc)
\tf@toc=\write4
\openout4 = `HHsearch-guide.toc'.

 [2] [3]
Overfull \hbox (8.73772pt too wide) in paragraph at lines 163--167
\OT1/cmr/m/n/10.95 add the PSIPRED sec-ondary struc-ture pre-dic-tion to your q
uery MSA (op-tional) with []\OT1/cmtt/m/n/10.95 addpsipred.pl\OT1/cmr/m/n/10.95
 .
 []

[4] [5] [6] [7] [8] [9] [10] [11] [12]
Overfull \hbox (6.53638pt too wide) in paragraph at lines 671--671
[]\OT1/cmtt/m/n/8 PPDHLWVHQEGIYRDEYQRTWVAVVEE--E--T--SF---------LR----------ARV
QQIQVPLG-------DAARPSHLLTS-----QLPLMWQLYPEERYMDNNSR[] 
 []


Overfull \hbox (6.53638pt too wide) in paragraph at lines 671--671
[]\OT1/cmtt/m/n/8 HPNRLWIWEKHVYLDEFRRSWLPVVIK--S--N--EK---------FQ----------VIL
RQEDVTLG-------EAMSPSQLVPY-----ELPLMWQLYPKDRYRSCDSM[] 
 []


Overfull \hbox (6.53638pt too wide) in paragraph at lines 671--671
[]\OT1/cmtt/m/n/8 PPRFLVCTRDDIYEDENGRQWVVAKVE--T--S--RSpygsrietcIT----------VHL
QHMTTIPQ-------EPTPQQPINNN-----SLPTMWRLESMNTYTGTDGT[] 
 []


Overfull \hbox (6.53638pt too wide) in paragraph at lines 671--671
[]\OT1/cmtt/m/n/8 HPDRLWAWEKFVYLDEKQHAWLPLTIEikD--R--LQ---------LR----------VLL
RREDVVLG-------RPMTPTQIGPS-----LLPIMWQLYPDGRYRSSDSS[] 
 []


Overfull \hbox (6.53638pt too wide) in paragraph at lines 671--671
[]\OT1/cmtt/m/n/8 ----------GIYEDEHHRVWIAVNVE--T--S--HS---------SHgnrietcvt-VHL
QHMTTLPQ-------EPTPQQPINNN-----SLPTMWRLESRNTYTGTDGT[] 
 []


Overfull \hbox (6.53638pt too wide) in paragraph at lines 671--671
[]\OT1/cmtt/m/n/8 LPVYLVSVRLGIYEDEHHRVWIVANVE--TshS--SH---------GN----------RRR
THVTVHLW-------KLIPQQVIPFNplnydFLPTTWKLESRNIYWATDGT[] 
 []


Overfull \hbox (6.53638pt too wide) in paragraph at lines 671--671
[]\OT1/cmtt/m/n/8 -PDRLWLWEKHVYLDEFRRSWLPIVIK--S--N--GK---------FQ----------VIM
RQKDVILG-------DSMTPSQLVPY-----ELPLMWQLYPEERYRSSNSE[] 
 []


Overfull \hbox (6.53638pt too wide) in paragraph at lines 671--671
[]\OT1/cmtt/m/n/8 -PHILTLRTHGIYEDEHHRLWVVLDLQ--A--ShlSF---------SN----------RLL
IYLTVYLQqgvafplESTPPSPMNLN-----GLPRRWTLRTMGTYEGTDNT[] 
 []


Overfull \hbox (6.53638pt too wide) in paragraph at lines 671--671
[]\OT1/cmtt/m/n/8 PPCFLVCTRDDIYEDEHGRQWVAAKVE--T--S--SH---------SPycskietcvtVHL
WQMTTLFQ-------EPSPDSLKTFN-----FLPRTWRLESRNTYRGADAM[] 
 []


Overfull \hbox (6.53638pt too wide) in paragraph at lines 671--671
[]\OT1/cmtt/m/n/8 ---------PGFYEDEHHRLWMVAKLE--T--C--SH---------SPycnkietcvtVHL
WQMTRYPQ-------EPAPYNPMNYN-----FLPMTWRLASMNTYRGTDAM[] 
 []


Overfull \hbox (6.53638pt too wide) in paragraph at lines 704--704
[]\OT1/cmtt/m/n/8 PPDHLWVHQEGIYRDEYQRTWVAVVEE..E..T..SF.........LR..........ARV
QQIQVPLG.......DAARPSHLLTS.....QLPLMWQLYPEERYMDNNSR[] 
 []


Overfull \hbox (6.53638pt too wide) in paragraph at lines 704--704
[]\OT1/cmtt/m/n/8 HPNRLWIWEKHVYLDEFRRSWLPVVIK..S..N..EK.........FQ..........VIL
RQEDVTLG.......EAMSPSQLVPY.....ELPLMWQLYPKDRYRSCDSM[] 
 []


Overfull \hbox (6.53638pt too wide) in paragraph at lines 704--704
[]\OT1/cmtt/m/n/8 PPRFLVCTRDDIYEDENGRQWVVAKVE..T..S..RSpygsrietcIT..........VHL
QHMTTIPQ.......EPTPQQPINNN.....SLPTMWRLESMNTYTGTDGT[] 
 []


Overfull \hbox (6.53638pt too wide) in paragraph at lines 704--704
[]\OT1/cmtt/m/n/8 HPDRLWAWEKFVYLDEKQHAWLPLTIEikD..R..LQ.........LR..........VLL
RREDVVLG.......RPMTPTQIGPS.....LLPIMWQLYPDGRYRSSDSS[] 
 []


Overfull \hbox (6.53638pt too wide) in paragraph at lines 704--704
[]\OT1/cmtt/m/n/8 ----------GIYEDEHHRVWIAVNVE..T..S..HS.........SHgnrietcvt.VHL
QHMTTLPQ.......EPTPQQPINNN.....SLPTMWRLESRNTYTGTDGT[] 
 []


Overfull \hbox (6.53638pt too wide) in paragraph at lines 704--704
[]\OT1/cmtt/m/n/8 LPVYLVSVRLGIYEDEHHRVWIVANVE..TshS..SH.........GN..........RRR
THVTVHLW.......KLIPQQVIPFNplnydFLPTTWKLESRNIYWATDGT[] 
 []


Overfull \hbox (6.53638pt too wide) in paragraph at lines 704--704
[]\OT1/cmtt/m/n/8 -PDRLWLWEKHVYLDEFRRSWLPIVIK..S..N..GK.........FQ..........VIM
RQKDVILG.......DSMTPSQLVPY.....ELPLMWQLYPEERYRSSNSE[] 
 []


Overfull \hbox (6.53638pt too wide) in paragraph at lines 704--704
[]\OT1/cmtt/m/n/8 -PHILTLRTHGIYEDEHHRLWVVLDLQ..A..ShlSF.........SN..........RLL
IYLTVYLQqgvafplESTPPSPMNLN.....GLPRRWTLRTMGTYEGTDNT[] 
 []


Overfull \hbox (6.53638pt too wide) in paragraph at lines 704--704
[]\OT1/cmtt/m/n/8 PPCFLVCTRDDIYEDEHGRQWVAAKVE..T..S..SH.........SPycskietcvtVHL
WQMTTLFQ.......EPSPDSLKTFN.....FLPRTWRLESRNTYRGADAM[] 
 []

[13]
Overfull \hbox (6.53638pt too wide) in paragraph at lines 704--704
[]\OT1/cmtt/m/n/8 ---------PGFYEDEHHRLWMVAKLE..T..C..SH.........SPycnkietcvtVHL
WQMTRYPQ.......EPAPYNPMNYN.....FLPMTWRLASMNTYRGTDAM[] 
 []

[14] [15]
Overfull \hbox (23.53662pt too wide) in paragraph at lines 879--879
[]\OT1/cmtt/m/n/8 >gi|10176344|dbj|BAB07439.1|:(1-43) suppressor of ppGpp-regul
ated growth inhibitor (ChpA/MazF) [Bacillus halodurans][] 
 []


Overfull \hbox (6.53638pt too wide) in paragraph at lines 879--879
[]\OT1/cmtt/m/n/8 S 1   *     *    *    *    *    *    *    *    *      *      
*    *    *    *    *    1012 988  *    *    *    1[] 
 []


Overfull \hbox (6.53638pt too wide) in paragraph at lines 879--879
[]\OT1/cmtt/m/n/8 S 2   2307  *    *    *    *    *    *    *    *      *      
*    *    *    3178 3009 2179 1546 *    *    *    2[] 
 []


Overfull \hbox (6.53638pt too wide) in paragraph at lines 879--879
[]\OT1/cmtt/m/n/8 V 3   *     *    *    *    *    *    *    917  *      3009   
*    *    *    *    *    *    *    1530 *    *    3[] 
 []


Overfull \hbox (10.78644pt too wide) in paragraph at lines 879--879
[]\OT1/cmtt/m/n/8 V 44  *     *    *    *    *    *    *    1309 *      *      
*    *    *    *    *    *    *    745  *    *    44[] 
 []

[16] [17] [18] [19] [20]
Overfull \hbox (3.02542pt too wide) in paragraph at lines 1180--1180
[]  \OT1/cmtt/m/n/10 -uc       write all residues in upper case (AFTER all othe
r options have been processed)[] 
 []

[21]
Overfull \hbox (3.02542pt too wide) in paragraph at lines 1180--1180
[]  \OT1/cmtt/m/n/10 -lc       write all residues in lower case (AFTER all othe
r options have been processed)[] 
 []


Overfull \hbox (3.02542pt too wide) in paragraph at lines 1244--1244
[] \OT1/cmtt/m/n/10 -old [dir]    if a file with same name is found in old data
base, jumpstart PSI-BLAST with[] 
 []

[22] [23] [24]
Overfull \hbox (3.02542pt too wide) in paragraph at lines 1367--1367
[]  \OT1/cmtt/m/n/10 -s   <int>             shift the residue indices up/down b
y an integer (default=$shift);[] 
 []

[25] [26]
Overfull \hbox (2.89597pt too wide) in paragraph at lines 1477--1478
\OT1/cmr/m/it/10.95 2.0 li-cense \OT1/cmr/m/n/10.95 from Cre-ative Com-mons ($\
OT1/cmtt/m/n/10.95 http : / / creativecommons . org / licenses / by-[]nc / 2 . 
0/$\OT1/cmr/m/n/10.95 ). Here
 []

[27]
Underfull \hbox (badness 10000) in paragraph at lines 1512--1517
\OT1/cmtt/m/n/10.95 http : / / bioinformatics . oupjournals . org / cgi / conte
nt / abstract / bti125 ? ijkey =
 []


Underfull \hbox (badness 10000) in paragraph at lines 1519--1524
\OT1/cmtt/m/n/10.95 http : / / nar . oxfordjournals . org / cgi / reprint / 33 
/ suppl[]2 / W244 ? ijkey =
 []


Underfull \hbox (badness 10000) in paragraph at lines 1519--1524

 []

[28] (./HHsearch-guide.aux) ) 
Here is how much of TeX's memory you used:
 1167 strings out of 94500
 14135 string characters out of 1175787
 72093 words of memory out of 1000000
 4364 multiletter control sequences out of 10000+50000
 9215 words of font info for 34 fonts, out of 500000 for 2000
 580 hyphenation exceptions out of 8191
 25i,5n,19p,1254b,268s stack positions out of 1500i,500n,5000p,200000b,5000s
PDF statistics:
 125 PDF objects out of 300000
 0 named destinations out of 131072
 1 words of extra memory for PDF output out of 65536
</usr/share/texmf-tetex/fonts/type1/bluesky/cm/cmt
t12.pfb></usr/share/texmf-tetex/fonts/type1/bluesky/cm/cmr8.pfb></usr/share/tex
mf-tetex/fonts/type1/bluesky/cm/cmmi8.pfb></usr/share/texmf-tetex/fonts/type1/b
luesky/cm/cmtt8.pfb></usr/share/texmf-tetex/fonts/type1/bluesky/cm/cmbx12.pfb><
/usr/share/texmf-tetex/fonts/type1/bluesky/cm/cmbx10.pfb></usr/share/texmf-tete
x/fonts/type1/bluesky/cm/cmti10.pfb></usr/share/texmf-tetex/fonts/type1/bluesky
/cm/cmmi10.pfb></usr/share/texmf-tetex/fonts/type1/bluesky/cm/cmtt10.pfb></usr/
share/texmf-tetex/fonts/type1/bluesky/cm/cmsy10.pfb></usr/share/texmf-tetex/fon
ts/type1/bluesky/cm/cmr10.pfb></usr/share/texmf-tetex/fonts/type1/bluesky/cm/cm
r17.pfb>
Output written on HHsearch-guide.pdf (28 pages, 193407 bytes).
